<?xml version="1.0" encoding="UTF-8"?>
<!-- Generated by org.testng.reporters.JUnitReportReporter -->
<testsuite skipped="0" hostname="admin-PC" name="org.testNG.A" tests="2" failures="0" timestamp="06 Jan 2022 14:24:32 GMT" time="51.695" errors="0">
  <testcase name="test" time="17.403" classname="org.testNG.A"/>
  <testcase name="test" time="34.292" classname="org.testNG.A"/>
</testsuite> <!-- org.testNG.A -->
