<?xml version="1.0" encoding="UTF-8"?>
<!-- Generated by org.testng.reporters.JUnitReportReporter -->
<testsuite skipped="0" hostname="admin-PC" name="com.pom.TestNg" tests="1" failures="0" timestamp="05 Jan 2022 18:18:05 GMT" time="15.226" errors="0">
  <testcase name="test" time="15.226" classname="com.pom.TestNg"/>
</testsuite> <!-- com.pom.TestNg -->
